epoch,acc,loss,val_acc,val_loss
0,0.179087452471,0.0272616232862,0.729520865533,0.0108398211217
1,0.207604562738,0.0230698118425,0.724884080371,0.0108398007658
2,0.207604562738,0.0207033559534,0.726429675425,0.0108397461451
3,0.223574144487,0.0189762862864,0.724884080371,0.0108401252551
4,0.231178707224,0.0180661759294,0.724884080371,0.0108408789116
5,0.229657794677,0.0174814912009,0.720247295209,0.0108429861592
6,0.214828897338,0.016343670685,0.7171561051,0.010844517232
7,0.207984790875,0.0160780801783,0.70942812983,0.0108461687405
8,0.199619771863,0.0153075507503,0.698608964451,0.0108514028307
9,0.214448669202,0.0154260978001,0.693972179289,0.0108557919529
10,0.21711026616,0.0150911247096,0.67542503864,0.0108696958645
11,0.2,0.0148501281911,0.673879443586,0.0108739074341
12,0.197718631179,0.0146598529253,0.68315301391,0.010869224574
13,0.207604562738,0.0144627603846,0.690880989181,0.010863978966
14,0.203802281369,0.0145178994566,0.680061823802,0.0108724715651
15,0.214448669202,0.014595276191,0.678516228748,0.0108739653761
16,0.197718631179,0.0144627385661,0.678516228748,0.010869422984
17,0.216730038023,0.0140911871687,0.673879443586,0.0108720357811
18,0.200380228137,0.0145930409707,0.670788253478,0.0108752448992
19,0.21102661597,0.0139093652978,0.670788253478,0.0108691341537
20,0.214448669202,0.0136932120792,0.673879443586,0.010877869331
21,0.210266159696,0.0139275223643,0.670788253478,0.010887016063
22,0.201140684411,0.0140042060978,0.667697063369,0.0108878350903
23,0.208365019011,0.0131135631847,0.658423493045,0.0109164324308
24,0.215969581749,0.013151181325,0.658423493045,0.0109138668032
25,0.189733840304,0.0135358074988,0.664605873261,0.0108992540775
26,0.212547528517,0.0135203538715,0.676970633694,0.0108788321529
27,0.216349809886,0.0130922421351,0.670788253478,0.0108874111874
28,0.205323193916,0.0133541080004,0.666151468315,0.0108958915605
29,0.219011406844,0.0131658570215,0.673879443586,0.0108789463355
30,0.222053231939,0.0132703407763,0.68315301391,0.0108772193016
31,0.212547528517,0.0131514689798,0.670788253478,0.0108896582812
32,0.224714828897,0.0129449900324,0.667697063369,0.0109028150335
33,0.215209125475,0.0131179149476,0.661514683153,0.0109011885566
34,0.217870722433,0.0132099513199,0.658423493045,0.0109151802647
35,0.204182509506,0.0129378409961,0.647604327666,0.0109498933819
36,0.208365019011,0.012865049818,0.669242658423,0.0109087539612
37,0.216730038023,0.0130540006739,0.669242658423,0.0109141196037
38,0.225475285171,0.0128778333817,0.661514683153,0.0109225234484
39,0.225095057034,0.0130251534999,0.669242658423,0.0109061471825
40,0.220912547529,0.0127677770752,0.663060278207,0.0109160952946
41,0.215209125475,0.0126706346864,0.661514683153,0.0109278025967
42,0.232319391635,0.0127006234997,0.667697063369,0.0109101743654
43,0.219011406844,0.0123705988592,0.667697063369,0.0109025966206
44,0.22927756654,0.0130566104168,0.669242658423,0.0109039570342
45,0.222433460076,0.0132274242439,0.672333848532,0.0108926894128
46,0.221292775665,0.0128950676888,0.664605873261,0.0109119533891
47,0.217870722433,0.0129899138023,0.669242658423,0.0109051472043
48,0.213688212928,0.0128389866651,0.670788253478,0.0109057961435
49,0.215589353612,0.0129155518221,0.669242658423,0.0109070655672
50,0.222433460076,0.0127012374484,0.669242658423,0.0109176849959
51,0.217490494297,0.0125197307683,0.669242658423,0.0109190030024
52,0.216730038023,0.0126515227642,0.667697063369,0.0109163170564
53,0.210646387833,0.0127838145674,0.664605873261,0.0109266270374
54,0.234980988593,0.0124324241484,0.664605873261,0.0109233976416
55,0.226235741445,0.0126535861912,0.669242658423,0.0109080486812
56,0.227376425856,0.0123914415355,0.656877897991,0.0109477355952
57,0.226235741445,0.013010523632,0.664605873261,0.0109167010039
58,0.225475285171,0.0125103076109,0.667697063369,0.0109259644817
59,0.22319391635,0.0122863346755,0.670788253478,0.0109162396634
60,0.224714828897,0.0123346788723,0.670788253478,0.0109248185333
61,0.209125475285,0.0127979755423,0.667697063369,0.0109255049003
62,0.22433460076,0.0121650507776,0.661514683153,0.0109448287413
63,0.228136882129,0.0125218982393,0.667697063369,0.0109281513801
64,0.218631178707,0.012407561026,0.661514683153,0.010953594926
65,0.227756653992,0.0126407187534,0.672333848532,0.0109156300526
66,0.222813688213,0.0123079313678,0.667697063369,0.0109242367301
67,0.225855513308,0.0123445820372,0.664605873261,0.0109438291949
68,0.219011406844,0.0127842888527,0.672333848532,0.0109133862789
69,0.226996197719,0.0125578939297,0.664605873261,0.0109404382015
70,0.219391634981,0.0125012456307,0.667697063369,0.01093495317
71,0.227756653992,0.0128792306851,0.667697063369,0.0109396793253
72,0.219011406844,0.0124052650243,0.667697063369,0.0109435586825
73,0.216349809886,0.0120263965272,0.664605873261,0.0109586496988
74,0.217490494297,0.0123488535592,0.667697063369,0.0109494926353
75,0.219391634981,0.0123949537261,0.659969088099,0.010978587639
76,0.228136882129,0.0123084051256,0.663060278207,0.0109608364969
77,0.228517110266,0.0126288489887,0.663060278207,0.0109605706767
78,0.215969581749,0.0125585142771,0.669242658423,0.0109259776997
79,0.221292775665,0.0125634420549,0.669242658423,0.0109371678642
80,0.236121673004,0.0121356677486,0.670788253478,0.0109402467019
81,0.246768060837,0.011924288437,0.658423493045,0.0109688927535
82,0.227376425856,0.0120143786506,0.661514683153,0.0109461446251
83,0.234220532319,0.0122647474576,0.659969088099,0.0109693349575
84,0.222433460076,0.0124739657858,0.663060278207,0.0109614537441
85,0.233460076046,0.0120247932397,0.663060278207,0.010961247502
86,0.21825095057,0.0121207589124,0.669242658423,0.0109447568941
87,0.225475285171,0.0122118400177,0.661514683153,0.010963502195
88,0.241064638783,0.0121860022145,0.659969088099,0.0109789997111
89,0.216730038023,0.0124009025127,0.663060278207,0.0109780172912
90,0.216349809886,0.0124524869118,0.659969088099,0.010978855594
91,0.221673003802,0.0121748983151,0.663060278207,0.0109566311017
92,0.245627376426,0.0118155465686,0.666151468315,0.0109514255835
93,0.22319391635,0.0121884312525,0.667697063369,0.0109413711989
94,0.236121673004,0.0121432335474,0.659969088099,0.0109769323812
95,0.226615969582,0.0120562438583,0.658423493045,0.0109715674221
96,0.221292775665,0.012269358443,0.663060278207,0.0109577977874
97,0.228897338403,0.0122452786679,0.664605873261,0.0109391513276
98,0.233079847909,0.0120683283434,0.659969088099,0.0109681983903
99,0.236121673004,0.0123809201445,0.667697063369,0.0109501997446
