epoch,acc,loss,val_acc,val_loss
0,0.123954372624,0.0745786261688,0.00309119010819,0.0152232783056
1,0.116349809886,0.0366632480804,0.0,0.00673452537411
2,0.136121673004,0.0275486771343,0.0216383307573,0.00450301680552
3,0.110266159696,0.0233504446209,0.0401854714065,0.00265860234657
4,0.111787072243,0.0202502085268,0.0401854714065,0.00213359891898
5,0.132319391635,0.0199748773546,0.0401854714065,0.00440122330525
6,0.14144486692,0.0170357635692,0.0432766615147,0.00259695698679
7,0.13536121673,0.0161233205512,0.032457496136,0.00371430212166
8,0.136501901141,0.0152828930783,0.0401854714065,0.00264692087078
9,0.137642585551,0.0142914725007,0.0401854714065,0.003051466975
10,0.126235741445,0.0136165258959,0.032457496136,0.00296246420893
11,0.133840304183,0.0131942843806,0.0401854714065,0.00228242673528
12,0.136121673004,0.0127611299113,0.0123647604328,0.00308205952388
13,0.131558935361,0.0126316494177,0.0417310664606,0.00374923742571
14,0.143346007605,0.0118097986525,0.0401854714065,0.00291177572089
15,0.125095057034,0.0118700293437,0.0834621329212,0.00239838326462
16,0.131558935361,0.0114306370101,0.117465224111,0.0022406923237
17,0.116730038023,0.0115793054482,0.0370942812983,0.00271962880688
18,0.119771863118,0.0110792200847,0.0417310664606,0.00230646548332
19,0.128517110266,0.0112183101,0.0386398763524,0.00257619319997
20,0.128136882129,0.0106438509619,0.0401854714065,0.0020689355473
21,0.133840304183,0.0104903723937,0.0401854714065,0.0023097327305
22,0.127756653992,0.0108986911797,0.0401854714065,0.00206822376078
23,0.123954372624,0.0102778322829,0.0401854714065,0.00234829568137
24,0.141825095057,0.0100527131801,0.0370942812983,0.00211944649186
25,0.126996197719,0.0099957649704,0.0432766615147,0.00201727865808
26,0.12433460076,0.0100048852584,0.0432766615147,0.00217144083182
27,0.143726235741,0.00964550634504,0.0417310664606,0.00203492074586
28,0.149429657795,0.00955415594436,0.480680061824,0.00194110444004
29,0.133840304183,0.00935037977885,0.0370942812983,0.0023320329066
30,0.136121673004,0.00995386063742,0.443585780526,0.00195313026752
31,0.138783269962,0.00936240394197,0.0386398763524,0.0022442081989
32,0.137262357414,0.00921566946367,0.0432766615147,0.00207288359882
33,0.154372623574,0.009676048742,0.0386398763524,0.00214619396497
34,0.155513307985,0.0092371634634,0.0417310664606,0.00214579259137
35,0.131178707224,0.00918436318579,0.0432766615147,0.00234090138169
36,0.133460076046,0.00955104913496,0.0432766615147,0.00200240600632
37,0.146768060837,0.00929440316902,0.0417310664606,0.00199917958478
38,0.145247148289,0.00897286221963,0.0401854714065,0.0022401684983
39,0.133460076046,0.00896693551932,0.0386398763524,0.00210218273191
40,0.14752851711,0.00934757781287,0.250386398764,0.0020940990049
41,0.144106463878,0.00911200442623,0.502318392581,0.00204156947621
42,0.146007604563,0.00896336928101,0.112828438949,0.00187164706721
43,0.144106463878,0.00901064397867,0.225656877898,0.0019982302869
44,0.142965779468,0.00916552618757,0.272024729521,0.00209336666245
45,0.142585551331,0.00918293458138,0.409582689335,0.00208901935217
46,0.126996197719,0.00912037286299,0.0432766615147,0.002168582745
47,0.154752851711,0.00900927609167,0.0417310664606,0.00197841660343
48,0.1463878327,0.00909983564943,0.0386398763524,0.00218086304618
49,0.132319391635,0.00887593022175,0.0432766615147,0.00226487115449
50,0.143346007605,0.00923639971587,0.0432766615147,0.0020217576217
51,0.14144486692,0.00893846470863,0.179289026275,0.00213071774851
52,0.14030418251,0.00916320654396,0.0386398763524,0.00213160448071
53,0.153231939163,0.00880950948044,0.0401854714065,0.00218016199174
54,0.115969581749,0.00869480338497,0.460587326121,0.00219738681945
55,0.134220532319,0.00876345154615,0.213292117465,0.00195667109438
56,0.132699619772,0.00904990338299,0.0417310664606,0.00203267275921
57,0.140684410646,0.00892625538562,0.0401854714065,0.00209437285862
58,0.137642585551,0.00881047379243,0.483771251932,0.0018226813467
59,0.149809885932,0.00876145008722,0.0819165378671,0.00208176034824
60,0.142585551331,0.00890816196603,0.0432766615147,0.00230646720468
61,0.146007604563,0.00899420376654,0.0432766615147,0.00214878298558
62,0.145627376426,0.00867094479417,0.0401854714065,0.00216047104283
63,0.141825095057,0.0089014549446,0.0417310664606,0.00214750000439
64,0.151711026616,0.00855081421775,0.0432766615147,0.0022699317009
65,0.141825095057,0.00859399379894,0.0417310664606,0.00212742316621
66,0.149049429658,0.00869975908868,0.0432766615147,0.0023110900269
67,0.149809885932,0.00838216825221,0.0370942812983,0.00233748194547
68,0.149429657795,0.00885438354918,0.0417310664606,0.00222395675666
69,0.148669201521,0.00868767676936,0.0401854714065,0.00224892685439
70,0.134220532319,0.00862748239095,0.251931993818,0.00176044703062
71,0.144866920152,0.00898711538614,0.0432766615147,0.00220636246185
72,0.136121673004,0.00868325899379,0.103554868624,0.00280221117426
73,0.144866920152,0.00873389246442,0.576506955178,0.0017982545735
74,0.14144486692,0.00872135760712,0.0401854714065,0.00207461225083
75,0.151330798479,0.00846475111386,0.629057187017,0.00237743867109
76,0.144486692015,0.00859588377649,0.0,0.00279456427253
77,0.141064638783,0.00863621431933,0.0432766615147,0.0022343918617
78,0.141825095057,0.00882218400314,0.0,0.00262415116271
79,0.139163498099,0.0087446485967,0.0,0.00253895449987
80,0.140684410646,0.00868241880324,0.403400309119,0.00213547751943
81,0.139163498099,0.00864105283324,0.0432766615147,0.00217707304756
82,0.138783269962,0.0087239068562,0.00309119010819,0.00258459925021
83,0.142585551331,0.00870245064202,0.0340030911901,0.0018585697583
84,0.147148288973,0.0085764579238,0.0401854714065,0.00209195838147
85,0.138783269962,0.0087825161031,0.0417310664606,0.00190011711976
86,0.145627376426,0.00893549816277,0.0432766615147,0.00211595631394
87,0.145627376426,0.0082707362421,0.0293663060278,0.00215788351346
88,0.148669201521,0.00849432047383,0.0401854714065,0.00208204628993
89,0.14030418251,0.00868828592825,0.604327666151,0.0023220103068
90,0.146768060837,0.00861848516585,0.0432766615147,0.00195374957185
91,0.137262357414,0.00860476845127,0.00927357032457,0.00226478150133
92,0.12927756654,0.00866158587853,0.0432766615147,0.00204125020881
93,0.132319391635,0.00835737541746,0.0432766615147,0.00192779712436
94,0.151711026616,0.00845950150812,0.0417310664606,0.00231677617271
95,0.152851711027,0.00845351327131,0.0432766615147,0.00239092708248
96,0.134600760456,0.00850615498661,0.0432766615147,0.00214130432435
97,0.151711026616,0.00842315418517,0.0432766615147,0.00200282638248
98,0.150570342205,0.00864741604703,0.0417310664606,0.0024082157798
99,0.143346007605,0.00861982402279,0.457496136012,0.00186241482142
